This is pdfTeX, Version 3.141592653-2.6-1.40.25 (TeX Live 2023) (preloaded format=pdflatex 2023.8.29)  19 JAN 2024 18:32
entering extended mode
 restricted \write18 enabled.
 file:line:error style messages enabled.
 %&-line parsing enabled.
**ReportAssignment1.tex
(./ReportAssignment1.tex
LaTeX2e <2022-11-01> patch level 1
L3 programming layer <2023-02-22>
(/usr/local/texlive/2023/texmf-dist/tex/latex/base/article.cls
Document Class: article 2022/07/02 v1.4n Standard LaTeX document class
(/usr/local/texlive/2023/texmf-dist/tex/latex/base/size11.clo
File: size11.clo 2022/07/02 v1.4n Standard LaTeX file (size option)
)
\c@part=\count185
\c@section=\count186
\c@subsection=\count187
\c@subsubsection=\count188
\c@paragraph=\count189
\c@subparagraph=\count190
\c@figure=\count191
\c@table=\count192
\abovecaptionskip=\skip48
\belowcaptionskip=\skip49
\bibindent=\dimen140
)
(/usr/local/texlive/2023/texmf-dist/tex/latex/base/inputenc.sty
Package: inputenc 2021/02/14 v1.3d Input encoding file
\inpenc@prehook=\toks16
\inpenc@posthook=\toks17
)
(/usr/local/texlive/2023/texmf-dist/tex/latex/l3backend/l3backend-pdftex.def
File: l3backend-pdftex.def 2023-01-16 L3 backend support: PDF output (pdfTeX)
\l__color_backend_stack_int=\count193
\l__pdf_internal_box=\box51
)
(./ReportAssignment1.aux)
\openout1 = `ReportAssignment1.aux'.

LaTeX Font Info:    Checking defaults for OML/cmm/m/it on input line 6.
LaTeX Font Info:    ... okay on input line 6.
LaTeX Font Info:    Checking defaults for OMS/cmsy/m/n on input line 6.
LaTeX Font Info:    ... okay on input line 6.
LaTeX Font Info:    Checking defaults for OT1/cmr/m/n on input line 6.
LaTeX Font Info:    ... okay on input line 6.
LaTeX Font Info:    Checking defaults for T1/cmr/m/n on input line 6.
LaTeX Font Info:    ... okay on input line 6.
LaTeX Font Info:    Checking defaults for TS1/cmr/m/n on input line 6.
LaTeX Font Info:    ... okay on input line 6.
LaTeX Font Info:    Checking defaults for OMX/cmex/m/n on input line 6.
LaTeX Font Info:    ... okay on input line 6.
LaTeX Font Info:    Checking defaults for U/cmr/m/n on input line 6.
LaTeX Font Info:    ... okay on input line 6.
LaTeX Font Info:    External font `cmex10' loaded for size
(Font)              <12> on input line 14.
LaTeX Font Info:    External font `cmex10' loaded for size
(Font)              <8> on input line 14.
LaTeX Font Info:    External font `cmex10' loaded for size
(Font)              <6> on input line 14.
LaTeX Font Info:    External font `cmex10' loaded for size
(Font)              <10.95> on input line 38.
 [1

{/usr/local/texlive/2023/texmf-var/fonts/map/pdftex/updmap/pdftex.map}] [2]
Overfull \hbox (2.16733pt too wide) in paragraph at lines 110--110
[]  \OT1/cmtt/m/n/10.95 def simplify_mul({:num, n1}, {:num, n2}) do {:num, n1*n
2} end[] 
 []


Overfull \hbox (65.4029pt too wide) in paragraph at lines 110--110
[]  \OT1/cmtt/m/n/10.95 def simplify_exp({:num, n1}, {:num, n2}) do {:num, :mat
h.pow(n1,n2)} end[] 
 []


Overfull \hbox (36.65945pt too wide) in paragraph at lines 123--123
[]  \OT1/cmtt/m/n/10.95 def pprint({:add, e1, e2}) do "(#{pprint(e1)} + #{pprin
t(e2)})" end[] 
 []


Overfull \hbox (25.16208pt too wide) in paragraph at lines 123--123
[]  \OT1/cmtt/m/n/10.95 def pprint({:mul, e1, e2}) do "#{pprint(e1)} * #{pprint
(e2)}" end[] 
 []


Overfull \hbox (25.16208pt too wide) in paragraph at lines 123--123
[]  \OT1/cmtt/m/n/10.95 def pprint({:exp, e1, e2}) do "#{pprint(e1)}^(#{pprint(
e2)})" end[] 
 []

[3]
Overfull \hbox (111.3924pt too wide) in paragraph at lines 139--139
[]  \OT1/cmtt/m/n/10.95 b = {:mul, {:num, 1}, {:exp, {:sin, {:mul, {:var, :x}, 
{:num, 2}}}, {:num, -1}}}[] 
 []


Overfull \hbox (94.14633pt too wide) in paragraph at lines 149--149
[]\OT1/cmtt/m/n/10.95 (0 * sin(x * 2)^(-1) + 1 * (1 * 2 + x * 0) * cos(x * 2) *
 -1 * sin(x * 2)^(-2))[] 
 []

[4] (./ReportAssignment1.aux) ) 
Here is how much of TeX's memory you used:
 492 strings out of 476025
 9527 string characters out of 5790017
 1858388 words of memory out of 5000000
 21012 multiletter control sequences out of 15000+600000
 517318 words of font info for 49 fonts, out of 8000000 for 9000
 1141 hyphenation exceptions out of 8191
 33i,6n,38p,491b,272s stack positions out of 10000i,1000n,20000p,200000b,200000s
</usr/local/texlive/2023/texmf-dist/fonts/type1/
public/amsfonts/cm/cmbx12.pfb></usr/local/texlive/2023/texmf-dist/fonts/type1/p
ublic/amsfonts/cm/cmmi10.pfb></usr/local/texlive/2023/texmf-dist/fonts/type1/pu
blic/amsfonts/cm/cmr10.pfb></usr/local/texlive/2023/texmf-dist/fonts/type1/publ
ic/amsfonts/cm/cmr12.pfb></usr/local/texlive/2023/texmf-dist/fonts/type1/public
/amsfonts/cm/cmtt10.pfb>
Output written on ReportAssignment1.pdf (4 pages, 72908 bytes).
PDF statistics:
 42 PDF objects out of 1000 (max. 8388607)
 25 compressed objects within 1 object stream
 0 named destinations out of 1000 (max. 500000)
 1 words of extra memory for PDF output out of 10000 (max. 10000000)

